2026-05-25T14:10:16.167Z ::1 POST /v1/api/user/register 404 2.425 ms - 160 "PostmanRuntime/7.53.0"
2026-05-25T14:11:31.740Z ::1 POST /register 201 150.242 ms - 93 "PostmanRuntime/7.53.0"
2026-05-25T15:23:36.436Z ::1 POST /register 500 113.527 ms - 368 "PostmanRuntime/7.53.0"
2026-05-25T15:23:51.814Z ::1 POST /register 201 107.102 ms - 89 "PostmanRuntime/7.53.0"
2026-05-26T12:03:48.457Z ::1 POST /register 201 106.332 ms - 271 "PostmanRuntime/7.53.0"
2026-05-26T12:04:15.322Z ::1 GET /profile 200 8.098 ms - 76 "PostmanRuntime/7.53.0"
2026-05-27T16:28:23.058Z ::1 GET /profile 401 15.546 ms - 28 "axios/1.16.1"
2026-05-27T16:34:35.908Z ::1 GET /profile 401 4.567 ms - 28 "PostmanRuntime/7.53.0"
2026-05-27T16:35:23.810Z ::1 POST /login 400 2.534 ms - 39 "PostmanRuntime/7.53.0"
2026-05-27T16:35:33.695Z ::1 POST /register 201 84.463 ms - 273 "PostmanRuntime/7.53.0"
2026-05-27T16:35:49.734Z ::1 GET /profile 200 5.635 ms - 78 "PostmanRuntime/7.53.0"
2026-05-27T16:36:07.606Z ::1 GET /profile 200 5.217 ms - 78 "axios/1.16.1"
2026-05-27T16:37:52.609Z ::1 GET /profile 200 3.751 ms - 78 "axios/1.16.1"
2026-05-27T16:38:00.583Z ::1 GET /profile 200 3.941 ms - 78 "axios/1.16.1"
2026-05-27T16:39:05.610Z ::1 POST /login 200 72.778 ms - 264 "PostmanRuntime/7.53.0"
2026-05-27T16:39:15.347Z ::1 GET /profile 200 4.521 ms - 78 "axios/1.16.1"
2026-05-27T16:40:34.375Z ::1 GET /profile 200 4.454 ms - 78 "axios/1.16.1"
2026-05-27T16:41:53.380Z ::1 GET /profile 200 4.456 ms - 78 "axios/1.16.1"
2026-05-27T16:43:46.253Z ::1 GET /profile 200 3.783 ms - 78 "axios/1.16.1"
2026-05-27T16:43:56.614Z ::1 GET /profile 200 3.650 ms - 78 "axios/1.16.1"
2026-05-27T16:44:46.580Z ::1 GET /profile 200 3.530 ms - 78 "axios/1.16.1"
2026-05-27T16:47:51.565Z ::1 GET /profile 200 4.435 ms - 78 "axios/1.16.1"
2026-05-27T16:48:03.896Z ::1 GET /profile 200 3.578 ms - 78 "axios/1.16.1"
2026-05-27T16:48:06.522Z ::1 GET /profile 200 3.945 ms - 78 "axios/1.16.1"
2026-05-27T16:54:49.050Z ::1 GET /profile 401 3.308 ms - 28 "axios/1.16.1"
2026-05-27T16:55:20.208Z ::1 GET /profile 401 3.216 ms - 28 "axios/1.16.1"
2026-05-27T16:55:31.023Z ::1 GET /profile 401 3.068 ms - 28 "axios/1.16.1"
2026-05-27T16:55:38.902Z ::1 POST /login 200 78.024 ms - 264 "PostmanRuntime/7.53.0"
2026-05-27T16:55:47.447Z ::1 GET /profile 200 4.245 ms - 78 "axios/1.16.1"
2026-05-27T16:58:08.658Z ::1 GET /profile 401 3.459 ms - 28 "axios/1.16.1"
2026-05-28T10:43:26.453Z ::1 POST /login 200 93.690 ms - 264 "PostmanRuntime/7.53.0"
2026-05-28T10:43:38.401Z ::1 GET /profile 200 6.825 ms - 78 "axios/1.16.1"
2026-05-28T10:45:13.402Z ::1 GET /profile 401 4.762 ms - 28 "axios/1.16.1"
2026-05-28T10:48:41.162Z ::1 GET /profile 401 4.644 ms - 28 "axios/1.16.1"
2026-05-28T10:48:43.020Z ::1 GET /profile 401 4.780 ms - 28 "axios/1.16.1"
2026-05-28T10:48:44.084Z ::1 GET /profile 401 4.100 ms - 28 "axios/1.16.1"
2026-05-28T10:48:44.983Z ::1 GET /profile 401 3.108 ms - 28 "axios/1.16.1"
2026-05-28T10:48:45.808Z ::1 GET /profile 401 3.466 ms - 28 "axios/1.16.1"
2026-05-28T10:48:46.743Z ::1 GET /profile 401 4.321 ms - 28 "axios/1.16.1"
2026-05-28T10:54:27.884Z ::1 GET /profile 401 4.240 ms - 28 "axios/1.16.1"
2026-05-28T10:54:30.329Z ::1 GET /profile 401 3.353 ms - 28 "axios/1.16.1"
2026-05-28T10:57:52.225Z ::1 GET /profile 401 3.180 ms - 28 "axios/1.16.1"
2026-05-28T10:57:53.692Z ::1 GET /profile 401 2.904 ms - 28 "axios/1.16.1"
2026-05-28T10:57:54.743Z ::1 GET /profile 401 3.261 ms - 28 "axios/1.16.1"
2026-05-28T10:57:55.764Z ::1 GET /profile 401 3.386 ms - 28 "axios/1.16.1"
2026-05-28T10:57:56.749Z ::1 GET /profile 401 4.729 ms - 28 "axios/1.16.1"
2026-05-28T11:02:04.054Z ::1 GET /profile 200 3.537 ms - 78 "axios/1.16.1"
2026-05-28T11:03:37.459Z ::1 GET /profile 200 3.327 ms - 78 "axios/1.16.1"
2026-05-28T11:03:47.975Z ::1 GET /profile 200 3.275 ms - 78 "axios/1.16.1"
2026-05-28T11:03:59.191Z ::1 GET /profile 200 4.048 ms - 78 "axios/1.16.1"
2026-05-28T11:04:21.726Z ::1 GET /profile 401 3.431 ms - 28 "axios/1.16.1"
2026-05-28T11:04:50.711Z ::1 GET /profile 401 4.455 ms - 28 "axios/1.16.1"
2026-05-28T11:04:52.254Z ::1 GET /profile 401 5.877 ms - 28 "axios/1.16.1"
2026-05-28T11:04:53.083Z ::1 GET /profile 401 3.535 ms - 28 "axios/1.16.1"
2026-05-28T11:05:56.651Z ::1 GET /profile 401 13.842 ms - 28 "axios/1.16.1"
2026-05-28T11:05:57.713Z ::1 GET /profile 401 5.499 ms - 28 "axios/1.16.1"
2026-05-28T11:05:58.823Z ::1 GET /profile 401 5.696 ms - 28 "axios/1.16.1"
2026-05-28T11:05:59.806Z ::1 GET /profile 401 3.807 ms - 28 "axios/1.16.1"
2026-05-28T11:06:00.775Z ::1 GET /profile 401 4.813 ms - 28 "axios/1.16.1"
2026-05-28T11:06:54.739Z ::1 GET /profile 401 5.541 ms - 28 "axios/1.16.1"
2026-05-28T11:08:20.530Z ::1 GET /profile 401 3.087 ms - 28 "axios/1.16.1"
2026-05-28T11:08:24.380Z ::1 POST /login 200 93.315 ms - 264 "PostmanRuntime/7.53.0"
2026-05-28T11:08:31.364Z ::1 GET /profile 200 4.585 ms - 78 "axios/1.16.1"
2026-05-28T11:08:32.916Z ::1 GET /profile 200 4.462 ms - 78 "axios/1.16.1"
2026-05-28T11:08:34.393Z ::1 GET /profile 200 4.170 ms - 78 "axios/1.16.1"
2026-05-28T11:08:35.898Z ::1 GET /profile 200 3.190 ms - 78 "axios/1.16.1"
2026-05-28T11:08:38.211Z ::1 GET /profile 200 4.182 ms - 78 "axios/1.16.1"
2026-05-28T11:08:40.352Z ::1 GET /profile 200 3.736 ms - 78 "axios/1.16.1"
2026-05-28T11:08:41.786Z ::1 GET /profile 200 3.173 ms - 78 "axios/1.16.1"
2026-05-28T11:08:43.324Z ::1 GET /profile 200 3.714 ms - 78 "axios/1.16.1"
2026-05-28T11:08:44.705Z ::1 GET /profile 200 3.778 ms - 78 "axios/1.16.1"
2026-05-28T11:08:46.822Z ::1 GET /profile 200 3.420 ms - 78 "axios/1.16.1"
2026-05-28T11:08:50.441Z ::1 GET /profile 200 4.856 ms - 78 "axios/1.16.1"
2026-05-28T11:09:11.438Z ::1 GET /profile 401 3.559 ms - 28 "axios/1.16.1"
2026-05-28T11:13:58.660Z ::1 GET /profile 401 3.254 ms - 28 "axios/1.16.1"
2026-05-28T11:19:07.532Z ::1 GET /profile 200 19.985 ms - 78 "axios/1.16.1"
2026-05-28T11:19:14.348Z ::1 GET /profile 200 6.001 ms - 78 "axios/1.16.1"
2026-05-28T11:20:55.265Z ::1 GET /profile 200 6.950 ms - 78 "axios/1.16.1"
2026-05-28T11:50:38.046Z ::1 GET /profile 200 17.041 ms - 78 "axios/1.16.1"
2026-05-28T13:56:35.317Z ::1 GET /profile 200 7.993 ms - 78 "axios/1.16.1"
2026-05-28T14:02:11.841Z ::1 POST /register 201 72.187 ms - 271 "PostmanRuntime/7.53.0"
2026-05-28T14:03:10.018Z ::1 POST /register 400 1.959 ms - 33 "PostmanRuntime/7.53.0"
2026-05-28T14:03:26.015Z ::1 GET /login 404 0.938 ms - 144 "PostmanRuntime/7.53.0"
2026-05-28T14:03:29.283Z ::1 POST /login 200 84.555 ms - 262 "PostmanRuntime/7.53.0"
2026-05-28T14:03:37.327Z ::1 POST /login 400 1.853 ms - 39 "PostmanRuntime/7.53.0"
2026-05-28T14:04:35.883Z ::1 POST /register 400 2.742 ms - 33 "PostmanRuntime/7.53.0"
2026-05-28T14:04:39.077Z ::1 POST /login 200 80.386 ms - 262 "PostmanRuntime/7.53.0"
2026-05-28T14:05:33.120Z ::1 GET /logout 200 3.546 ms - 31 "PostmanRuntime/7.53.0"
2026-05-28T14:06:04.834Z ::1 GET /logout 200 2.436 ms - 31 "PostmanRuntime/7.53.0"
2026-05-28T14:06:08.254Z ::1 GET /logout 200 2.630 ms - 31 "PostmanRuntime/7.53.0"
2026-05-28T14:06:09.465Z ::1 GET /logout 200 1.763 ms - 31 "PostmanRuntime/7.53.0"
2026-05-28T14:06:12.857Z ::1 GET /logout 200 0.291 ms - 31 "PostmanRuntime/7.53.0"
2026-05-28T14:06:18.588Z ::1 GET /logout 200 0.270 ms - 31 "PostmanRuntime/7.53.0"
2026-05-28T14:06:31.471Z ::1 GET /logout 200 0.225 ms - 31 "PostmanRuntime/7.53.0"
2026-05-28T14:07:54.074Z ::1 GET /logout 400 2.268 ms - 45 "PostmanRuntime/7.53.0"
2026-05-28T14:08:03.006Z ::1 GET /logout 400 0.458 ms - 45 "PostmanRuntime/7.53.0"
2026-05-28T14:08:05.285Z ::1 GET /logout 200 11.845 ms - 31 "PostmanRuntime/7.53.0"
2026-05-28T14:08:07.746Z ::1 GET /logout 400 0.205 ms - 45 "PostmanRuntime/7.53.0"
2026-05-28T14:08:38.307Z ::1 GET /profile 401 0.386 ms - 31 "PostmanRuntime/7.53.0"
2026-05-28T14:08:49.536Z ::1 GET /profile 401 9.146 ms - 26 "PostmanRuntime/7.53.0"
2026-05-28T14:08:53.123Z ::1 GET /profile 401 3.566 ms - 26 "PostmanRuntime/7.53.0"
2026-05-28T14:09:15.627Z ::1 GET /profile 401 12.352 ms - 26 "PostmanRuntime/7.53.0"
2026-05-28T14:09:22.900Z ::1 POST /login 200 79.267 ms - 262 "PostmanRuntime/7.53.0"
2026-05-28T14:09:32.095Z ::1 GET /profile 200 7.572 ms - 76 "PostmanRuntime/7.53.0"
2026-05-28T14:09:36.644Z ::1 GET /logout 200 9.041 ms - 31 "PostmanRuntime/7.53.0"
2026-05-28T14:09:47.959Z ::1 GET /profile 401 4.643 ms - 26 "PostmanRuntime/7.53.0"
2026-05-28T14:12:51.515Z ::1 POST /register 400 2.503 ms - 33 "PostmanRuntime/7.53.0"
2026-05-28T14:13:04.162Z ::1 POST /login 200 82.087 ms - 262 "PostmanRuntime/7.53.0"
2026-05-28T14:20:16.517Z ::1 POST /login 200 81.479 ms - 262 "PostmanRuntime/7.53.0"
2026-05-28T14:22:42.267Z ::1 GET /profile 401 4.379 ms - 28 "axios/1.16.1"
2026-05-28T14:23:19.800Z ::1 GET /profile 401 3.744 ms - 28 "axios/1.16.1"
2026-05-28T14:23:44.826Z ::1 POST /login 200 77.481 ms - 262 "PostmanRuntime/7.53.0"
2026-05-28T14:23:56.329Z ::1 GET /profile 200 4.029 ms - 76 "axios/1.16.1"
2026-05-28T14:25:43.043Z ::1 GET /profile 200 5.027 ms - 76 "axios/1.16.1"
2026-05-28T14:25:50.279Z ::1 GET /profile 200 3.476 ms - 76 "axios/1.16.1"
2026-05-28T14:25:59.182Z ::1 GET /profile 200 3.832 ms - 76 "axios/1.16.1"
2026-05-28T14:28:15.951Z ::1 GET /profile 200 3.026 ms - 76 "axios/1.16.1"
2026-05-28T14:28:33.232Z ::1 POST /login 200 68.751 ms - 262 "PostmanRuntime/7.53.0"
